5/25/2017 9:47:33 AM:::frmsecondDisplay:::::::::::::::::::::ShowCustomerDisplay::::::::::::::1
5/25/2017 9:48:15 AM:::frmsecondDisplay:::::::::::::::::::::ShowCustomerDisplay::::::::::::::1
5/25/2017 9:48:23 AM:::addOrder::::::::::Item::::::dDD:::::10000000
5/25/2017 9:48:24 AM:::addOrder::::::::::Item::::::dDD:::::10000000
5/25/2017 9:48:27 AM:::PriterServer:::::::::::::::::::PrintData:::::::::::::Count prtiter::::::::::::::1
5/25/2017 9:48:27 AM:::PriterServer:::::::::::::::::::PrintData:::::::::::::Count Order::::::::::::::1
5/25/2017 9:48:48 AM:::frmOrder:::::::::::::::::::::::btnPayMent_Click::::::::::::::::;The operation completed successfully
5/25/2017 9:48:52 AM:::frmsecondDisplay:::::::::::::::::::::ShowCustomerDisplay::::::::::::::1
5/25/2017 9:50:21 AM:::frmsecondDisplay:::::::::::::::::::::ShowCustomerDisplay::::::::::::::1
5/25/2017 9:50:24 AM:::addOrder::::::::::Item::::::dDD:::::10000000
5/25/2017 9:50:56 AM:::addOrder::::::::::Item::::::dDD:::::10000000
5/25/2017 9:52:40 AM:::frmsecondDisplay:::::::::::::::::::::ShowCustomerDisplay::::::::::::::1
5/25/2017 9:54:40 AM:::frmsecondDisplay:::::::::::::::::::::ShowCustomerDisplay::::::::::::::1
5/25/2017 9:54:43 AM:::addOrder::::::::::Item::::::dDD:::::10000000
5/25/2017 9:54:44 AM:::addOrder::::::::::Item::::::dDD:::::10000000
5/25/2017 9:54:52 AM:::PriterServer:::::::::::::::::::PrintData:::::::::::::Count prtiter::::::::::::::1
5/25/2017 9:54:52 AM:::PriterServer:::::::::::::::::::PrintData:::::::::::::Count Order::::::::::::::1
5/25/2017 9:55:04 AM:::frmOrder:::::::::::::::::::::::btnPayMent_Click::::::::::::::::;The operation completed successfully
5/25/2017 9:55:34 AM:::frmsecondDisplay:::::::::::::::::::::ShowCustomerDisplay::::::::::::::1
5/25/2017 9:55:35 AM:::addOrder::::::::::Item::::::dDD:::::10000000
5/25/2017 9:55:37 AM:::addOrder::::::::::Item::::::dDD:::::10000000
5/25/2017 9:55:43 AM:::PriterServer:::::::::::::::::::PrintData:::::::::::::Count prtiter::::::::::::::1
5/25/2017 9:55:43 AM:::PriterServer:::::::::::::::::::PrintData:::::::::::::Count Order::::::::::::::1
5/25/2017 9:56:08 AM:::frmOrder:::::::::::::::::::::::btnPayMent_Click::::::::::::::::;The operation completed successfully
5/25/2017 9:57:14 AM:::frmsecondDisplay:::::::::::::::::::::ShowCustomerDisplay::::::::::::::1
5/25/2017 9:57:16 AM:::addOrder::::::::::Item::::::dDD:::::10000000
5/25/2017 9:57:17 AM:::addOrder::::::::::Item::::::dDD:::::10000000
5/25/2017 9:57:19 AM:::PriterServer:::::::::::::::::::PrintData:::::::::::::Count prtiter::::::::::::::1
5/25/2017 9:57:19 AM:::PriterServer:::::::::::::::::::PrintData:::::::::::::Count Order::::::::::::::1
5/25/2017 9:58:08 AM:::frmOrder:::::::::::::::::::::::btnPayMent_Click::::::::::::::::;The operation completed successfully
5/25/2017 9:58:12 AM:::addOrder::::::::::Item::::::dDD:::::10000000
5/25/2017 9:58:18 AM:::addOrder::::::::::Item::::::dDD:::::10000000
5/25/2017 9:58:18 AM:::addOrder::::::::::Item::::::dDD:::::10000000
5/25/2017 9:58:25 AM:::PriterServer:::::::::::::::::::PrintData:::::::::::::Count prtiter::::::::::::::1
5/25/2017 9:58:25 AM:::PriterServer:::::::::::::::::::PrintData:::::::::::::Count Order::::::::::::::2
5/25/2017 9:58:32 AM:::frmOrder:::::::::::::::::::::::btnPayMent_Click::::::::::::::::;The operation completed successfully
5/25/2017 9:58:57 AM:::frmsecondDisplay:::::::::::::::::::::ShowCustomerDisplay::::::::::::::1
5/25/2017 9:58:59 AM:::addOrder::::::::::Item::::::dDD:::::10000000
5/25/2017 9:59:02 AM:::addOrder::::::::::Item::::::dDD:::::10000000
5/25/2017 9:59:08 AM:::PriterServer:::::::::::::::::::PrintData:::::::::::::Count prtiter::::::::::::::1
5/25/2017 9:59:08 AM:::PriterServer:::::::::::::::::::PrintData:::::::::::::Count Order::::::::::::::1
5/25/2017 9:24:05 PM:::frmsecondDisplay:::::::::::::::::::::ShowCustomerDisplay::::::::::::::1
5/25/2017 9:24:09 PM:::addOrder::::::::::Item::::::dDD:::::10000000
5/25/2017 9:24:13 PM:::addOrder::::::::::Item::::::dDD:::::10000000
5/25/2017 9:24:20 PM:::PriterServer:::::::::::::::::::PrintData:::::::::::::Count prtiter::::::::::::::1
5/25/2017 9:24:20 PM:::PriterServer:::::::::::::::::::PrintData:::::::::::::Count Order::::::::::::::1
5/25/2017 9:24:25 PM:::frmPayment::::::::::::::::ucOpenTill1_Click:::::::::::::::::Dataprint 80mm Series Printer
5/25/2017 9:25:03 PM:::frmsecondDisplay:::::::::::::::::::::ShowCustomerDisplay::::::::::::::1
5/25/2017 9:25:04 PM:::addOrder::::::::::Item::::::Asdfhjkluwsgbg:::::10000
5/25/2017 9:25:05 PM:::addOrder::::::::::Item::::::Asdfhjkluwsgbg:::::10000
5/25/2017 9:25:07 PM:::PriterServer:::::::::::::::::::PrintData:::::::::::::Count prtiter::::::::::::::1
5/25/2017 9:25:07 PM:::PriterServer:::::::::::::::::::PrintData:::::::::::::Count Order::::::::::::::1
5/25/2017 9:25:08 PM:::frmPayment::::::::::::::::ucOpenTill1_Click:::::::::::::::::Dataprint 80mm Series Printer
5/25/2017 9:25:42 PM:::frmsecondDisplay:::::::::::::::::::::ShowCustomerDisplay::::::::::::::1
5/25/2017 9:25:44 PM:::addOrder::::::::::Item::::::Ghhjjnyhhhhhhuuhesjyu:::::10000
5/25/2017 9:25:45 PM:::addOrder::::::::::Item::::::Ghhjjnyhhhhhhuuhesjyu:::::10000
5/25/2017 9:25:48 PM:::PriterServer:::::::::::::::::::PrintData:::::::::::::Count prtiter::::::::::::::1
5/25/2017 9:25:48 PM:::PriterServer:::::::::::::::::::PrintData:::::::::::::Count Order::::::::::::::1
5/25/2017 9:25:48 PM:::frmPayment::::::::::::::::ucOpenTill1_Click:::::::::::::::::Dataprint 80mm Series Printer
5/25/2017 9:26:06 PM:::frmsecondDisplay:::::::::::::::::::::ShowCustomerDisplay::::::::::::::1
5/25/2017 9:26:07 PM:::addOrder::::::::::Item::::::Ghhjjnyhhhhhhuuhesjyu:::::10000
5/25/2017 9:26:50 PM:::frmsecondDisplay:::::::::::::::::::::ShowCustomerDisplay::::::::::::::1
5/25/2017 9:26:51 PM:::addOrder::::::::::Item::::::Dffff Hhjjj Kjgf Nvffg Uikk:::::10000
5/25/2017 9:26:53 PM:::addOrder::::::::::Item::::::Dffff Hhjjj Kjgf Nvffg Uikk:::::10000
5/25/2017 9:26:56 PM:::PriterServer:::::::::::::::::::PrintData:::::::::::::Count prtiter::::::::::::::1
5/25/2017 9:26:56 PM:::PriterServer:::::::::::::::::::PrintData:::::::::::::Count Order::::::::::::::1
5/25/2017 9:26:56 PM:::frmPayment::::::::::::::::ucOpenTill1_Click:::::::::::::::::Dataprint 80mm Series Printer
5/25/2017 9:27:26 PM:::addOrder::::::::::Item::::::Dffff Hhjjj Kjgf Nvffg Uikk:::::10000
5/25/2017 9:27:27 PM:::addOrder::::::::::Item::::::Dffff Hhjjj Kjgf Nvffg Uikk:::::10000
5/25/2017 9:27:30 PM:::PriterServer:::::::::::::::::::PrintData:::::::::::::Count prtiter::::::::::::::1
5/25/2017 9:27:30 PM:::PriterServer:::::::::::::::::::PrintData:::::::::::::Count Order::::::::::::::1
5/25/2017 9:29:12 PM:::frmPayment::::::::::::::::ucOpenTill1_Click:::::::::::::::::Dataprint 80mm Series Printer
5/25/2017 9:33:03 PM:::frmsecondDisplay:::::::::::::::::::::ShowCustomerDisplay::::::::::::::1
5/25/2017 9:33:05 PM:::addOrder::::::::::Item::::::Dffff Hhjjj Kjgf Nvffg Uikk:::::10000
5/25/2017 9:33:05 PM:::addOrder::::::::::Item::::::Dffff Hhjjj Kjgf Nvffg Uikk:::::10000
5/25/2017 9:33:08 PM:::PriterServer:::::::::::::::::::PrintData:::::::::::::Count prtiter::::::::::::::1
5/25/2017 9:33:08 PM:::PriterServer:::::::::::::::::::PrintData:::::::::::::Count Order::::::::::::::1
5/25/2017 9:33:10 PM:::frmPayment::::::::::::::::ucOpenTill1_Click:::::::::::::::::Dataprint 80mm Series Printer
5/25/2017 9:33:24 PM:::frmsecondDisplay:::::::::::::::::::::ShowCustomerDisplay::::::::::::::1
5/25/2017 9:33:25 PM:::addOrder::::::::::Item::::::Dffff Hhjjj Kjgf Nvffg Uikk:::::10000
5/25/2017 9:33:26 PM:::addOrder::::::::::Item::::::Dffff Hhjjj Kjgf Nvffg Uikk:::::10000
5/25/2017 9:33:29 PM:::PriterServer:::::::::::::::::::PrintData:::::::::::::Count prtiter::::::::::::::1
5/25/2017 9:33:29 PM:::PriterServer:::::::::::::::::::PrintData:::::::::::::Count Order::::::::::::::1
5/25/2017 9:33:40 PM:::frmPayment::::::::::::::::ucOpenTill1_Click:::::::::::::::::Dataprint 80mm Series Printer
5/25/2017 9:33:45 PM:::addOrder::::::::::Item::::::Dffff Hhjjj Kjgf Nvffg Uikk:::::10000
5/25/2017 9:33:46 PM:::addOrder::::::::::Item::::::Dffff Hhjjj Kjgf Nvffg Uikk:::::10000
5/25/2017 9:33:48 PM:::PriterServer:::::::::::::::::::PrintData:::::::::::::Count prtiter::::::::::::::1
5/25/2017 9:33:48 PM:::PriterServer:::::::::::::::::::PrintData:::::::::::::Count Order::::::::::::::1
5/25/2017 9:34:50 PM:::frmPayment::::::::::::::::ucOpenTill1_Click:::::::::::::::::Dataprint 80mm Series Printer
5/25/2017 9:35:19 PM:::frmsecondDisplay:::::::::::::::::::::ShowCustomerDisplay::::::::::::::1
5/25/2017 9:35:20 PM:::addOrder::::::::::Item::::::Dffff Hhjjj Kjgf Nvffg Uikk Gjjjj Tkhffggdff:::::10000
5/25/2017 9:35:21 PM:::addOrder::::::::::Item::::::Dffff Hhjjj Kjgf Nvffg Uikk Gjjjj Tkhffggdff:::::10000
5/25/2017 9:35:26 PM:::PriterServer:::::::::::::::::::PrintData:::::::::::::Count prtiter::::::::::::::1
5/25/2017 9:35:26 PM:::PriterServer:::::::::::::::::::PrintData:::::::::::::Count Order::::::::::::::1
5/25/2017 9:35:27 PM:::frmPayment::::::::::::::::ucOpenTill1_Click:::::::::::::::::Dataprint 80mm Series Printer
5/25/2017 9:35:56 PM:::addOrder::::::::::Item::::::Dffff Hhjjj Kjgf Nvffg Uikk Gjjjj Tkhffggdff:::::10000
5/25/2017 9:35:57 PM:::addOrder::::::::::Item::::::Dffff Hhjjj Kjgf Nvffg Uikk Gjjjj Tkhffggdff:::::10000
5/25/2017 9:35:59 PM:::PriterServer:::::::::::::::::::PrintData:::::::::::::Count prtiter::::::::::::::1
5/25/2017 9:35:59 PM:::PriterServer:::::::::::::::::::PrintData:::::::::::::Count Order::::::::::::::1
5/25/2017 9:37:56 PM:::frmPayment::::::::::::::::ucOpenTill1_Click:::::::::::::::::Dataprint 80mm Series Printer
5/25/2017 9:38:14 PM:::frmsecondDisplay:::::::::::::::::::::ShowCustomerDisplay::::::::::::::1
5/25/2017 9:40:16 PM:::frmsecondDisplay:::::::::::::::::::::ShowCustomerDisplay::::::::::::::1
5/25/2017 9:40:18 PM:::addOrder::::::::::Item::::::Dffff Hhjjj Kjgf Nvffg Uikk Gjjjj Tkhffggdff:::::10000
5/25/2017 9:40:19 PM:::addOrder::::::::::Item::::::Dffff Hhjjj Kjgf Nvffg Uikk Gjjjj Tkhffggdff:::::10000
5/25/2017 9:40:21 PM:::PriterServer:::::::::::::::::::PrintData:::::::::::::Count prtiter::::::::::::::1
5/25/2017 9:40:21 PM:::PriterServer:::::::::::::::::::PrintData:::::::::::::Count Order::::::::::::::1
5/25/2017 9:40:23 PM:::frmPayment::::::::::::::::ucOpenTill1_Click:::::::::::::::::Dataprint 80mm Series Printer
5/25/2017 9:40:50 PM:::addOrder::::::::::Item::::::Dffff Hhjjj Kjgf Nvffg Uikk Gjjjj Tkhffggdff:::::10000
5/25/2017 9:40:51 PM:::addOrder::::::::::Item::::::Dffff Hhjjj Kjgf Nvffg Uikk Gjjjj Tkhffggdff:::::10000
5/25/2017 9:40:54 PM:::PriterServer:::::::::::::::::::PrintData:::::::::::::Count prtiter::::::::::::::1
5/25/2017 9:40:54 PM:::PriterServer:::::::::::::::::::PrintData:::::::::::::Count Order::::::::::::::1
5/25/2017 9:41:17 PM:::frmPayment::::::::::::::::ucOpenTill1_Click:::::::::::::::::Dataprint 80mm Series Printer
5/25/2017 9:42:00 PM:::frmsecondDisplay:::::::::::::::::::::ShowCustomerDisplay::::::::::::::1
5/25/2017 9:42:01 PM:::addOrder::::::::::Item::::::Dffff Hhjjj Kjgf Nvffg Uikk Gjjjj Tkhffggdff:::::10000
5/25/2017 9:42:02 PM:::addOrder::::::::::Item::::::Dffff Hhjjj Kjgf Nvffg Uikk Gjjjj Tkhffggdff:::::10000
5/25/2017 9:42:04 PM:::PriterServer:::::::::::::::::::PrintData:::::::::::::Count prtiter::::::::::::::1
5/25/2017 9:42:04 PM:::PriterServer:::::::::::::::::::PrintData:::::::::::::Count Order::::::::::::::1
5/25/2017 9:42:06 PM:::frmPayment::::::::::::::::ucOpenTill1_Click:::::::::::::::::Dataprint 80mm Series Printer
5/25/2017 9:43:23 PM:::frmsecondDisplay:::::::::::::::::::::ShowCustomerDisplay::::::::::::::1
5/25/2017 9:43:25 PM:::addOrder::::::::::Item::::::Dffff Hhjjj Kjgf Nvffg Uikk Gjjjj Tkhffggdff:::::10000
5/25/2017 9:43:25 PM:::addOrder::::::::::Item::::::Dffff Hhjjj Kjgf Nvffg Uikk Gjjjj Tkhffggdff:::::10000
5/25/2017 9:43:28 PM:::PriterServer:::::::::::::::::::PrintData:::::::::::::Count prtiter::::::::::::::1
5/25/2017 9:43:28 PM:::PriterServer:::::::::::::::::::PrintData:::::::::::::Count Order::::::::::::::1
5/25/2017 9:43:30 PM:::frmPayment::::::::::::::::ucOpenTill1_Click:::::::::::::::::Dataprint 80mm Series Printer
5/25/2017 9:46:05 PM:::frmsecondDisplay:::::::::::::::::::::ShowCustomerDisplay::::::::::::::1
5/25/2017 9:46:06 PM:::addOrder::::::::::Item::::::Dffff Hhjjj Kjgf Nvffg Uikk Gjjjj Tkhffggdff:::::10000
5/25/2017 9:46:07 PM:::addOrder::::::::::Item::::::Dffff Hhjjj Kjgf Nvffg Uikk Gjjjj Tkhffggdff:::::10000
5/25/2017 9:46:09 PM:::PriterServer:::::::::::::::::::PrintData:::::::::::::Count prtiter::::::::::::::1
5/25/2017 9:46:09 PM:::PriterServer:::::::::::::::::::PrintData:::::::::::::Count Order::::::::::::::1
5/25/2017 9:46:11 PM:::frmPayment::::::::::::::::ucOpenTill1_Click:::::::::::::::::Dataprint 80mm Series Printer
5/25/2017 9:48:23 PM:::frmsecondDisplay:::::::::::::::::::::ShowCustomerDisplay::::::::::::::1
5/25/2017 9:48:24 PM:::addOrder::::::::::Item::::::Dffff Hhjjj Kjgf Nvffg Uikk Gjjjj Tkhffggdff:::::10000
5/25/2017 9:48:25 PM:::addOrder::::::::::Item::::::Dffff Hhjjj Kjgf Nvffg Uikk Gjjjj Tkhffggdff:::::10000
5/25/2017 9:48:27 PM:::PriterServer:::::::::::::::::::PrintData:::::::::::::Count prtiter::::::::::::::1
5/25/2017 9:48:27 PM:::PriterServer:::::::::::::::::::PrintData:::::::::::::Count Order::::::::::::::1
5/25/2017 9:48:28 PM:::frmPayment::::::::::::::::ucOpenTill1_Click:::::::::::::::::Dataprint 80mm Series Printer
5/25/2017 9:49:58 PM:::frmsecondDisplay:::::::::::::::::::::ShowCustomerDisplay::::::::::::::1
5/25/2017 9:49:59 PM:::addOrder::::::::::Item::::::Dffff Hhjjj Kjgf Nvffg Uikk Gjjjj Tkhffggdff:::::10000
5/25/2017 9:50:00 PM:::addOrder::::::::::Item::::::Dffff Hhjjj Kjgf Nvffg Uikk Gjjjj Tkhffggdff:::::10000
5/25/2017 9:50:03 PM:::PriterServer:::::::::::::::::::PrintData:::::::::::::Count prtiter::::::::::::::1
5/25/2017 9:50:03 PM:::PriterServer:::::::::::::::::::PrintData:::::::::::::Count Order::::::::::::::1
5/25/2017 9:50:03 PM:::frmPayment::::::::::::::::ucOpenTill1_Click:::::::::::::::::Dataprint 80mm Series Printer
5/25/2017 9:51:02 PM:::frmsecondDisplay:::::::::::::::::::::ShowCustomerDisplay::::::::::::::1
5/25/2017 9:51:03 PM:::addOrder::::::::::Item::::::Dffff Hhjjj Kjgf Nvffg Uikk Gjjjj Tkhffggdff:::::10000
5/25/2017 9:51:04 PM:::addOrder::::::::::Item::::::Dffff Hhjjj Kjgf Nvffg Uikk Gjjjj Tkhffggdff:::::10000
5/25/2017 9:51:06 PM:::PriterServer:::::::::::::::::::PrintData:::::::::::::Count prtiter::::::::::::::1
5/25/2017 9:51:06 PM:::PriterServer:::::::::::::::::::PrintData:::::::::::::Count Order::::::::::::::1
5/25/2017 9:51:07 PM:::frmPayment::::::::::::::::ucOpenTill1_Click:::::::::::::::::Dataprint 80mm Series Printer
5/25/2017 9:51:38 PM:::frmsecondDisplay:::::::::::::::::::::ShowCustomerDisplay::::::::::::::1
5/25/2017 9:51:40 PM:::addOrder::::::::::Item::::::Dffff Hhjjj Kjgf Nvffg Uikk Gjjjj Tkhffggdff:::::10000
5/25/2017 9:51:41 PM:::addOrder::::::::::Item::::::Dffff Hhjjj Kjgf Nvffg Uikk Gjjjj Tkhffggdff:::::10000
5/25/2017 9:51:43 PM:::PriterServer:::::::::::::::::::PrintData:::::::::::::Count prtiter::::::::::::::1
5/25/2017 9:51:43 PM:::PriterServer:::::::::::::::::::PrintData:::::::::::::Count Order::::::::::::::1
5/25/2017 9:51:49 PM:::frmPayment::::::::::::::::ucOpenTill1_Click:::::::::::::::::Dataprint 80mm Series Printer
5/25/2017 9:51:53 PM:::addOrder::::::::::Item::::::Dffff Hhjjj Kjgf Nvffg Uikk Gjjjj Tkhffggdff:::::10000
5/25/2017 9:51:56 PM:::addOrder::::::::::Item::::::Dffff Hhjjj Kjgf Nvffg Uikk Gjjjj Tkhffggdff:::::10000
5/25/2017 9:51:58 PM:::PriterServer:::::::::::::::::::PrintData:::::::::::::Count prtiter::::::::::::::1
5/25/2017 9:51:58 PM:::PriterServer:::::::::::::::::::PrintData:::::::::::::Count Order::::::::::::::1
5/25/2017 9:53:14 PM:::frmsecondDisplay:::::::::::::::::::::ShowCustomerDisplay::::::::::::::1
5/25/2017 9:53:16 PM:::addOrder::::::::::Item::::::Dffff Hhjjj Kjgf Nvffg Uikk Gjjjj Tkhffggdff:::::10000
5/25/2017 9:53:16 PM:::addOrder::::::::::Item::::::Dffff Hhjjj Kjgf Nvffg Uikk Gjjjj Tkhffggdff:::::10000
5/25/2017 9:53:18 PM:::PriterServer:::::::::::::::::::PrintData:::::::::::::Count prtiter::::::::::::::1
5/25/2017 9:53:18 PM:::PriterServer:::::::::::::::::::PrintData:::::::::::::Count Order::::::::::::::1
5/25/2017 9:54:00 PM:::frmsecondDisplay:::::::::::::::::::::ShowCustomerDisplay::::::::::::::1
5/25/2017 9:54:01 PM:::addOrder::::::::::Item::::::Dffff Hhjjj Kjgf Nvffg Uikk Gjjjj Tkhffggdff:::::10000
5/25/2017 9:54:02 PM:::addOrder::::::::::Item::::::Dffff Hhjjj Kjgf Nvffg Uikk Gjjjj Tkhffggdff:::::10000
5/25/2017 9:54:04 PM:::PriterServer:::::::::::::::::::PrintData:::::::::::::Count prtiter::::::::::::::1
5/25/2017 9:54:04 PM:::PriterServer:::::::::::::::::::PrintData:::::::::::::Count Order::::::::::::::1
5/25/2017 9:54:04 PM:::frmPayment::::::::::::::::ucOpenTill1_Click:::::::::::::::::Dataprint 80mm Series Printer
5/25/2017 9:54:38 PM:::frmsecondDisplay:::::::::::::::::::::ShowCustomerDisplay::::::::::::::1
5/25/2017 9:54:40 PM:::addOrder::::::::::Item::::::Dffff Hhjjj Kjgf Nvffg Uikk Gjjjj Tkhffggdff:::::10000
5/25/2017 9:54:41 PM:::addOrder::::::::::Item::::::Dffff Hhjjj Kjgf Nvffg Uikk Gjjjj Tkhffggdff:::::10000
5/25/2017 9:54:43 PM:::PriterServer:::::::::::::::::::PrintData:::::::::::::Count prtiter::::::::::::::1
5/25/2017 9:54:43 PM:::PriterServer:::::::::::::::::::PrintData:::::::::::::Count Order::::::::::::::1
5/25/2017 9:54:43 PM:::frmPayment::::::::::::::::ucOpenTill1_Click:::::::::::::::::Dataprint 80mm Series Printer
5/25/2017 9:55:31 PM:::frmsecondDisplay:::::::::::::::::::::ShowCustomerDisplay::::::::::::::1
5/25/2017 9:55:32 PM:::addOrder::::::::::Item::::::Dffff Hhjjj Kjgf Nvffg Uikk Gjjjj Tkhffggdff:::::10000
5/25/2017 9:55:33 PM:::addOrder::::::::::Item::::::Dffff Hhjjj Kjgf Nvffg Uikk Gjjjj Tkhffggdff:::::10000
5/25/2017 9:55:35 PM:::PriterServer:::::::::::::::::::PrintData:::::::::::::Count prtiter::::::::::::::1
5/25/2017 9:55:35 PM:::PriterServer:::::::::::::::::::PrintData:::::::::::::Count Order::::::::::::::1
5/25/2017 9:55:35 PM:::frmPayment::::::::::::::::ucOpenTill1_Click:::::::::::::::::Dataprint 80mm Series Printer
5/25/2017 9:57:26 PM:::frmsecondDisplay:::::::::::::::::::::ShowCustomerDisplay::::::::::::::1
5/25/2017 9:57:27 PM:::addOrder::::::::::Item::::::Dffff Hhjjj Kjgf Nvffg Uikk Gjjjj Tkhffggdff:::::10000
5/25/2017 9:57:28 PM:::addOrder::::::::::Item::::::Dffff Hhjjj Kjgf Nvffg Uikk Gjjjj Tkhffggdff:::::10000
5/25/2017 9:57:30 PM:::PriterServer:::::::::::::::::::PrintData:::::::::::::Count prtiter::::::::::::::1
5/25/2017 9:57:30 PM:::PriterServer:::::::::::::::::::PrintData:::::::::::::Count Order::::::::::::::1
5/25/2017 9:57:49 PM:::frmPayment::::::::::::::::ucOpenTill1_Click:::::::::::::::::Dataprint 80mm Series Printer
5/25/2017 9:59:02 PM:::frmsecondDisplay:::::::::::::::::::::ShowCustomerDisplay::::::::::::::1
5/25/2017 9:59:02 PM:::addOrder::::::::::Item::::::Dffff Hhjjj Kjgf Nvffg Uikk Gjjjj Tkhffggdff:::::10000
5/25/2017 9:59:03 PM:::addOrder::::::::::Item::::::Dffff Hhjjj Kjgf Nvffg Uikk Gjjjj Tkhffggdff:::::10000
5/25/2017 9:59:05 PM:::PriterServer:::::::::::::::::::PrintData:::::::::::::Count prtiter::::::::::::::1
5/25/2017 9:59:05 PM:::PriterServer:::::::::::::::::::PrintData:::::::::::::Count Order::::::::::::::1
5/25/2017 9:59:08 PM:::frmPayment::::::::::::::::ucOpenTill1_Click:::::::::::::::::Dataprint 80mm Series Printer
5/25/2017 9:59:52 PM:::frmsecondDisplay:::::::::::::::::::::ShowCustomerDisplay::::::::::::::1
5/25/2017 9:59:53 PM:::addOrder::::::::::Item::::::Dffff Hhjjj Kjgf Nvffg Uikk Gjjjj Tkhffggdff:::::10000
5/25/2017 9:59:55 PM:::addOrder::::::::::Item::::::Dffff Hhjjj Kjgf Nvffg Uikk Gjjjj Tkhffggdff:::::10000
5/25/2017 9:59:57 PM:::PriterServer:::::::::::::::::::PrintData:::::::::::::Count prtiter::::::::::::::1
5/25/2017 9:59:57 PM:::PriterServer:::::::::::::::::::PrintData:::::::::::::Count Order::::::::::::::1
5/25/2017 9:59:59 PM:::frmPayment::::::::::::::::ucOpenTill1_Click:::::::::::::::::Dataprint 80mm Series Printer
5/25/2017 10:01:22 PM:::frmsecondDisplay:::::::::::::::::::::ShowCustomerDisplay::::::::::::::1
5/25/2017 10:01:24 PM:::addOrder::::::::::Item::::::Dffff Hhjjj Kjgf Nvffg Uikk Gjjjj Tkhffggdff:::::10000
5/25/2017 10:01:24 PM:::addOrder::::::::::Item::::::Dffff Hhjjj Kjgf Nvffg Uikk Gjjjj Tkhffggdff:::::10000
5/25/2017 10:01:26 PM:::PriterServer:::::::::::::::::::PrintData:::::::::::::Count prtiter::::::::::::::1
5/25/2017 10:01:26 PM:::PriterServer:::::::::::::::::::PrintData:::::::::::::Count Order::::::::::::::1
5/25/2017 10:01:28 PM:::frmPayment::::::::::::::::ucOpenTill1_Click:::::::::::::::::Dataprint 80mm Series Printer
5/25/2017 10:02:28 PM:::frmsecondDisplay:::::::::::::::::::::ShowCustomerDisplay::::::::::::::1
5/25/2017 10:02:29 PM:::addOrder::::::::::Item::::::Dffff Hhjjj Kjgf Nvffg Uikk Gjjjj Tkhffggdff:::::10000
5/25/2017 10:02:30 PM:::addOrder::::::::::Item::::::Dffff Hhjjj Kjgf Nvffg Uikk Gjjjj Tkhffggdff:::::10000
5/25/2017 10:02:32 PM:::PriterServer:::::::::::::::::::PrintData:::::::::::::Count prtiter::::::::::::::1
5/25/2017 10:02:32 PM:::PriterServer:::::::::::::::::::PrintData:::::::::::::Count Order::::::::::::::1
5/25/2017 10:03:34 PM:::frmsecondDisplay:::::::::::::::::::::ShowCustomerDisplay::::::::::::::1
5/25/2017 10:03:35 PM:::addOrder::::::::::Item::::::Dffff Hhjjj Kjgf Nvffg Uikk Gjjjj Tkhffggdff:::::10000
5/25/2017 10:03:38 PM:::addOrder::::::::::Item::::::Dffff Hhjjj Kjgf Nvffg Uikk Gjjjj Tkhffggdff:::::10000
5/25/2017 10:03:40 PM:::PriterServer:::::::::::::::::::PrintData:::::::::::::Count prtiter::::::::::::::1
5/25/2017 10:03:40 PM:::PriterServer:::::::::::::::::::PrintData:::::::::::::Count Order::::::::::::::1
5/25/2017 10:03:41 PM:::frmPayment::::::::::::::::ucOpenTill1_Click:::::::::::::::::Dataprint 80mm Series Printer
5/25/2017 10:04:05 PM:::frmsecondDisplay:::::::::::::::::::::ShowCustomerDisplay::::::::::::::1
5/25/2017 10:04:08 PM:::addOrder::::::::::Item::::::Dffff Hhjjj Kjgf Nvffg Uikk Gjjjj Tkhffggdff:::::10000
5/25/2017 10:04:10 PM:::addOrder::::::::::Item::::::Dffff Hhjjj Kjgf Nvffg Uikk Gjjjj Tkhffggdff:::::10000
5/25/2017 10:04:12 PM:::PriterServer:::::::::::::::::::PrintData:::::::::::::Count prtiter::::::::::::::1
5/25/2017 10:04:12 PM:::PriterServer:::::::::::::::::::PrintData:::::::::::::Count Order::::::::::::::1
5/25/2017 10:04:28 PM:::frmPayment::::::::::::::::ucOpenTill1_Click:::::::::::::::::Dataprint 80mm Series Printer
5/25/2017 10:04:34 PM:::addOrder::::::::::Item::::::Dffff Hhjjj Kjgf Nvffg Uikk Gjjjj Tkhffggdff:::::10000
5/25/2017 10:04:35 PM:::addOrder::::::::::Item::::::Dffff Hhjjj Kjgf Nvffg Uikk Gjjjj Tkhffggdff:::::10000
5/25/2017 10:04:37 PM:::PriterServer:::::::::::::::::::PrintData:::::::::::::Count prtiter::::::::::::::1
5/25/2017 10:04:37 PM:::PriterServer:::::::::::::::::::PrintData:::::::::::::Count Order::::::::::::::1
5/25/2017 10:07:50 PM:::frmsecondDisplay:::::::::::::::::::::ShowCustomerDisplay::::::::::::::1
5/25/2017 10:07:51 PM:::addOrder::::::::::Item::::::Dffff Hhjjj Kjgf Nvffg Uikk Gjjjj Tkhffggdff:::::10000
5/25/2017 10:07:52 PM:::addOrder::::::::::Item::::::Dffff Hhjjj Kjgf Nvffg Uikk Gjjjj Tkhffggdff:::::10000
5/25/2017 10:07:55 PM:::PriterServer:::::::::::::::::::PrintData:::::::::::::Count prtiter::::::::::::::1
5/25/2017 10:07:55 PM:::PriterServer:::::::::::::::::::PrintData:::::::::::::Count Order::::::::::::::1
5/25/2017 10:07:59 PM:::frmPayment::::::::::::::::ucOpenTill1_Click:::::::::::::::::Dataprint 80mm Series Printer
5/25/2017 10:09:08 PM:::frmsecondDisplay:::::::::::::::::::::ShowCustomerDisplay::::::::::::::1
5/25/2017 10:09:09 PM:::addOrder::::::::::Item::::::Dffff Hhjjj Kjgf Nvffg Uikk Gjjjj Tkhffggdff:::::10000
5/25/2017 10:09:09 PM:::addOrder::::::::::Item::::::Dffff Hhjjj Kjgf Nvffg Uikk Gjjjj Tkhffggdff:::::10000
5/25/2017 10:09:12 PM:::PriterServer:::::::::::::::::::PrintData:::::::::::::Count prtiter::::::::::::::1
5/25/2017 10:09:12 PM:::PriterServer:::::::::::::::::::PrintData:::::::::::::Count Order::::::::::::::1
5/25/2017 10:09:13 PM:::frmPayment::::::::::::::::ucOpenTill1_Click:::::::::::::::::Dataprint 80mm Series Printer
5/25/2017 10:10:42 PM:::frmsecondDisplay:::::::::::::::::::::ShowCustomerDisplay::::::::::::::1
5/25/2017 10:10:43 PM:::addOrder::::::::::Item::::::Dffff Hhjjj Kjgf Nvffg Uikk Gjjjj Tkhffggdff:::::10000
5/25/2017 10:10:43 PM:::addOrder::::::::::Item::::::Efghhhj:::::5000
5/25/2017 10:10:44 PM:::addOrder::::::::::Item::::::Dffff Hhjjj Kjgf Nvffg Uikk Gjjjj Tkhffggdff:::::10000
5/25/2017 10:10:44 PM:::addOrder::::::::::Item::::::Efghhhj:::::5000
5/25/2017 10:10:47 PM:::PriterServer:::::::::::::::::::PrintData:::::::::::::Count prtiter::::::::::::::1
5/25/2017 10:10:47 PM:::PriterServer:::::::::::::::::::PrintData:::::::::::::Count Order::::::::::::::2
5/25/2017 10:10:49 PM:::frmPayment::::::::::::::::ucOpenTill1_Click:::::::::::::::::Dataprint 80mm Series Printer
5/25/2017 10:11:41 PM:::frmsecondDisplay:::::::::::::::::::::ShowCustomerDisplay::::::::::::::1
5/25/2017 10:11:42 PM:::addOrder::::::::::Item::::::Dffff Hhjjj Kjgf Nvffg Uikk Gjjjj Tkhffggdff:::::10000
5/25/2017 10:11:43 PM:::addOrder::::::::::Item::::::Efghhhj:::::5000
5/25/2017 10:11:43 PM:::addOrder::::::::::Item::::::Dffff Hhjjj Kjgf Nvffg Uikk Gjjjj Tkhffggdff:::::10000
5/25/2017 10:11:43 PM:::addOrder::::::::::Item::::::Efghhhj:::::5000
5/25/2017 10:11:45 PM:::PriterServer:::::::::::::::::::PrintData:::::::::::::Count prtiter::::::::::::::1
5/25/2017 10:11:45 PM:::PriterServer:::::::::::::::::::PrintData:::::::::::::Count Order::::::::::::::2
5/25/2017 10:11:47 PM:::frmPayment::::::::::::::::ucOpenTill1_Click:::::::::::::::::Dataprint 80mm Series Printer
5/25/2017 10:16:13 PM:::frmsecondDisplay:::::::::::::::::::::ShowCustomerDisplay::::::::::::::1
5/25/2017 10:16:14 PM:::addOrder::::::::::Item::::::Dffff Hhjjj Kjgf Nvffg Uikk Gjjjj Tkhffggdff:::::10000
5/25/2017 10:16:15 PM:::addOrder::::::::::Item::::::Efghhhj:::::5000
5/25/2017 10:16:15 PM:::addOrder::::::::::Item::::::Dffff Hhjjj Kjgf Nvffg Uikk Gjjjj Tkhffggdff:::::10000
5/25/2017 10:16:15 PM:::addOrder::::::::::Item::::::Efghhhj:::::5000
5/25/2017 10:16:17 PM:::PriterServer:::::::::::::::::::PrintData:::::::::::::Count prtiter::::::::::::::1
5/25/2017 10:16:17 PM:::PriterServer:::::::::::::::::::PrintData:::::::::::::Count Order::::::::::::::2
5/25/2017 10:16:18 PM:::frmPayment::::::::::::::::ucOpenTill1_Click:::::::::::::::::Dataprint 80mm Series Printer
5/25/2017 10:17:40 PM:::frmsecondDisplay:::::::::::::::::::::ShowCustomerDisplay::::::::::::::1
5/25/2017 10:17:41 PM:::addOrder::::::::::Item::::::Dffff Hhjjj Kjgf Nvffg Uikk Gjjjj Tkhffggdff:::::10000
5/25/2017 10:17:41 PM:::addOrder::::::::::Item::::::Efghhhj:::::5000
5/25/2017 10:17:42 PM:::addOrder::::::::::Item::::::Dffff Hhjjj Kjgf Nvffg Uikk Gjjjj Tkhffggdff:::::10000
5/25/2017 10:17:42 PM:::addOrder::::::::::Item::::::Efghhhj:::::5000
5/25/2017 10:17:45 PM:::PriterServer:::::::::::::::::::PrintData:::::::::::::Count prtiter::::::::::::::1
5/25/2017 10:17:45 PM:::PriterServer:::::::::::::::::::PrintData:::::::::::::Count Order::::::::::::::2
5/25/2017 10:17:45 PM:::frmPayment::::::::::::::::ucOpenTill1_Click:::::::::::::::::Dataprint 80mm Series Printer
5/25/2017 10:17:55 PM:::addOrder::::::::::Item::::::Efghhhj:::::5000
5/25/2017 10:17:55 PM:::addOrder::::::::::Item::::::Dffff Hhjjj Kjgf Nvffg Uikk Gjjjj Tkhffggdff:::::10000
5/25/2017 10:17:56 PM:::addOrder::::::::::Item::::::Efghhhj:::::5000
5/25/2017 10:17:56 PM:::addOrder::::::::::Item::::::Dffff Hhjjj Kjgf Nvffg Uikk Gjjjj Tkhffggdff:::::10000
5/25/2017 10:17:58 PM:::PriterServer:::::::::::::::::::PrintData:::::::::::::Count prtiter::::::::::::::1
5/25/2017 10:17:58 PM:::PriterServer:::::::::::::::::::PrintData:::::::::::::Count Order::::::::::::::2
5/25/2017 10:17:58 PM:::frmPayment::::::::::::::::ucOpenTill1_Click:::::::::::::::::Dataprint 80mm Series Printer
5/25/2017 10:19:07 PM:::frmsecondDisplay:::::::::::::::::::::ShowCustomerDisplay::::::::::::::1
5/25/2017 10:19:08 PM:::addOrder::::::::::Item::::::Dffff Hhjjj Kjgf Nvffg Uikk Gjjjj Tkhffggdff:::::10000
5/25/2017 10:19:08 PM:::addOrder::::::::::Item::::::Efghhhj:::::5000
5/25/2017 10:19:09 PM:::addOrder::::::::::Item::::::Dffff Hhjjj Kjgf Nvffg Uikk Gjjjj Tkhffggdff:::::10000
5/25/2017 10:19:09 PM:::addOrder::::::::::Item::::::Efghhhj:::::5000
5/25/2017 10:19:11 PM:::PriterServer:::::::::::::::::::PrintData:::::::::::::Count prtiter::::::::::::::1
5/25/2017 10:19:11 PM:::PriterServer:::::::::::::::::::PrintData:::::::::::::Count Order::::::::::::::2
5/25/2017 10:19:56 PM:::frmsecondDisplay:::::::::::::::::::::ShowCustomerDisplay::::::::::::::1
5/25/2017 10:19:57 PM:::addOrder::::::::::Item::::::Dffff Hhjjj Kjgf Nvffg Uikk Gjjjj Tkhffggdff:::::10000
5/25/2017 10:19:58 PM:::addOrder::::::::::Item::::::Efghhhj:::::5000
5/25/2017 10:19:58 PM:::addOrder::::::::::Item::::::Dffff Hhjjj Kjgf Nvffg Uikk Gjjjj Tkhffggdff:::::10000
5/25/2017 10:19:58 PM:::addOrder::::::::::Item::::::Efghhhj:::::5000
5/25/2017 10:20:01 PM:::PriterServer:::::::::::::::::::PrintData:::::::::::::Count prtiter::::::::::::::1
5/25/2017 10:20:01 PM:::PriterServer:::::::::::::::::::PrintData:::::::::::::Count Order::::::::::::::2
5/25/2017 10:20:52 PM:::frmsecondDisplay:::::::::::::::::::::ShowCustomerDisplay::::::::::::::1
5/25/2017 10:20:52 PM:::addOrder::::::::::Item::::::Dffff Hhjjj Kjgf Nvffg Uikk Gjjjj Tkhffggdff:::::10000
5/25/2017 10:20:53 PM:::addOrder::::::::::Item::::::Efghhhj:::::5000
5/25/2017 10:20:53 PM:::addOrder::::::::::Item::::::Dffff Hhjjj Kjgf Nvffg Uikk Gjjjj Tkhffggdff:::::10000
5/25/2017 10:20:53 PM:::addOrder::::::::::Item::::::Efghhhj:::::5000
5/25/2017 10:20:56 PM:::PriterServer:::::::::::::::::::PrintData:::::::::::::Count prtiter::::::::::::::1
5/25/2017 10:20:56 PM:::PriterServer:::::::::::::::::::PrintData:::::::::::::Count Order::::::::::::::2
5/25/2017 10:20:56 PM:::frmPayment::::::::::::::::ucOpenTill1_Click:::::::::::::::::Dataprint 80mm Series Printer
5/25/2017 10:21:26 PM:::frmsecondDisplay:::::::::::::::::::::ShowCustomerDisplay::::::::::::::1
5/25/2017 10:21:27 PM:::addOrder::::::::::Item::::::Dffff Hhjjj Kjgf Nvffg Uikk Gjjjj Tkhffggdff:::::10000
5/25/2017 10:21:28 PM:::addOrder::::::::::Item::::::Efghhhj:::::5000
5/25/2017 10:21:28 PM:::addOrder::::::::::Item::::::Dffff Hhjjj Kjgf Nvffg Uikk Gjjjj Tkhffggdff:::::10000
5/25/2017 10:21:28 PM:::addOrder::::::::::Item::::::Efghhhj:::::5000
5/25/2017 10:21:31 PM:::PriterServer:::::::::::::::::::PrintData:::::::::::::Count prtiter::::::::::::::1
5/25/2017 10:21:31 PM:::PriterServer:::::::::::::::::::PrintData:::::::::::::Count Order::::::::::::::2
5/25/2017 10:21:31 PM:::frmPayment::::::::::::::::ucOpenTill1_Click:::::::::::::::::Dataprint 80mm Series Printer
5/25/2017 10:22:05 PM:::frmsecondDisplay:::::::::::::::::::::ShowCustomerDisplay::::::::::::::1
5/25/2017 10:22:05 PM:::addOrder::::::::::Item::::::Dffff Hhjjj Kjgf Nvffg Uikk Gjjjj Tkhffggdff:::::10000
5/25/2017 10:22:06 PM:::addOrder::::::::::Item::::::Efghhhj:::::5000
5/25/2017 10:22:09 PM:::addOrder::::::::::Item::::::Dffff Hhjjj Kjgf Nvffg Uikk Gjjjj Tkhffggdff:::::10000
5/25/2017 10:22:09 PM:::addOrder::::::::::Item::::::Efghhhj:::::5000
5/25/2017 10:22:11 PM:::PriterServer:::::::::::::::::::PrintData:::::::::::::Count prtiter::::::::::::::1
5/25/2017 10:22:11 PM:::PriterServer:::::::::::::::::::PrintData:::::::::::::Count Order::::::::::::::2
5/25/2017 10:22:11 PM:::frmPayment::::::::::::::::ucOpenTill1_Click:::::::::::::::::Dataprint 80mm Series Printer
5/25/2017 10:23:35 PM:::frmsecondDisplay:::::::::::::::::::::ShowCustomerDisplay::::::::::::::1
5/25/2017 10:23:36 PM:::addOrder::::::::::Item::::::Dffff Hhjjj Kjgf Nvffg Uikk Gjjjj Tkhffggdff:::::10000
5/25/2017 10:23:37 PM:::addOrder::::::::::Item::::::Efghhhj:::::5000
5/25/2017 10:23:38 PM:::addOrder::::::::::Item::::::Dffff Hhjjj Kjgf Nvffg Uikk Gjjjj Tkhffggdff:::::10000
5/25/2017 10:23:38 PM:::addOrder::::::::::Item::::::Efghhhj:::::5000
5/25/2017 10:23:40 PM:::PriterServer:::::::::::::::::::PrintData:::::::::::::Count prtiter::::::::::::::1
5/25/2017 10:23:40 PM:::PriterServer:::::::::::::::::::PrintData:::::::::::::Count Order::::::::::::::2
5/25/2017 10:23:40 PM:::frmPayment::::::::::::::::ucOpenTill1_Click:::::::::::::::::Dataprint 80mm Series Printer
5/25/2017 10:26:16 PM:::frmsecondDisplay:::::::::::::::::::::ShowCustomerDisplay::::::::::::::1
5/25/2017 10:26:17 PM:::addOrder::::::::::Item::::::Dffff Hhjjj Kjgf Nvffg Uikk Gjjjj Tkhffggdff:::::10000
5/25/2017 10:26:17 PM:::addOrder::::::::::Item::::::Efghhhj:::::5000
5/25/2017 10:26:18 PM:::addOrder::::::::::Item::::::Dffff Hhjjj Kjgf Nvffg Uikk Gjjjj Tkhffggdff:::::10000
5/25/2017 10:26:18 PM:::addOrder::::::::::Item::::::Efghhhj:::::5000
5/25/2017 10:26:20 PM:::PriterServer:::::::::::::::::::PrintData:::::::::::::Count prtiter::::::::::::::1
5/25/2017 10:26:20 PM:::PriterServer:::::::::::::::::::PrintData:::::::::::::Count Order::::::::::::::2
5/25/2017 10:26:20 PM:::frmPayment::::::::::::::::ucOpenTill1_Click:::::::::::::::::Dataprint 80mm Series Printer
5/25/2017 10:27:56 PM:::frmsecondDisplay:::::::::::::::::::::ShowCustomerDisplay::::::::::::::1
5/25/2017 10:27:57 PM:::addOrder::::::::::Item::::::Dffff Hhjjj Kjgf Nvffg Uikk Gjjjj Tkhffggdff:::::10000
5/25/2017 10:27:57 PM:::addOrder::::::::::Item::::::Efghhhj:::::5000
5/25/2017 10:27:58 PM:::addOrder::::::::::Item::::::Dffff Hhjjj Kjgf Nvffg Uikk Gjjjj Tkhffggdff:::::10000
5/25/2017 10:27:58 PM:::addOrder::::::::::Item::::::Efghhhj:::::5000
5/25/2017 10:28:00 PM:::PriterServer:::::::::::::::::::PrintData:::::::::::::Count prtiter::::::::::::::1
5/25/2017 10:28:00 PM:::PriterServer:::::::::::::::::::PrintData:::::::::::::Count Order::::::::::::::2
5/25/2017 10:28:00 PM:::frmPayment::::::::::::::::ucOpenTill1_Click:::::::::::::::::Dataprint 80mm Series Printer
5/25/2017 10:47:47 PM:::frmsecondDisplay:::::::::::::::::::::ShowCustomerDisplay::::::::::::::1
5/25/2017 10:47:49 PM:::addOrder::::::::::Item::::::Dffff Hhjjj Kjgf Nvffg Uikk Gjjjj Tkhffggdff:::::10000
5/25/2017 10:47:49 PM:::addOrder::::::::::Item::::::Efghhhj:::::5000
5/25/2017 10:47:50 PM:::addOrder::::::::::Item::::::Dffff Hhjjj Kjgf Nvffg Uikk Gjjjj Tkhffggdff:::::10000
5/25/2017 10:47:50 PM:::addOrder::::::::::Item::::::Efghhhj:::::5000
5/25/2017 10:47:52 PM:::PriterServer:::::::::::::::::::PrintData:::::::::::::Count prtiter::::::::::::::1
5/25/2017 10:47:52 PM:::PriterServer:::::::::::::::::::PrintData:::::::::::::Count Order::::::::::::::2
5/25/2017 10:47:53 PM:::frmPayment::::::::::::::::ucOpenTill1_Click:::::::::::::::::Dataprint 80mm Series Printer
5/25/2017 10:48:04 PM:::addOrder::::::::::Item::::::Efghhhj:::::5000
5/25/2017 10:48:05 PM:::addOrder::::::::::Item::::::Dffff Hhjjj Kjgf Nvffg Uikk Gjjjj Tkhffggdff:::::10000
5/25/2017 10:48:06 PM:::addOrder::::::::::Item::::::Efghhhj:::::5000
5/25/2017 10:48:06 PM:::addOrder::::::::::Item::::::Dffff Hhjjj Kjgf Nvffg Uikk Gjjjj Tkhffggdff:::::10000
5/25/2017 10:48:08 PM:::frmOrder:::::::::::::::::::::::btnPayMent_Click::::::::::::::::;Value was either too large or too small for an Int32.
5/25/2017 10:48:57 PM:::addOrder::::::::::Item::::::Efghhhj:::::5000
5/25/2017 10:48:57 PM:::addOrder::::::::::Item::::::Dffff Hhjjj Kjgf Nvffg Uikk Gjjjj Tkhffggdff:::::10000
5/25/2017 10:48:57 PM:::frmsecondDisplay:::::::::::::::::::::ShowCustomerDisplay::::::::::::::1
5/25/2017 10:48:59 PM:::addOrder::::::::::Item::::::Efghhhj:::::5000
5/25/2017 10:48:59 PM:::addOrder::::::::::Item::::::Dffff Hhjjj Kjgf Nvffg Uikk Gjjjj Tkhffggdff:::::10000
5/25/2017 10:49:03 PM:::addOrder::::::::::Item::::::Efghhhj:::::5000
5/25/2017 10:49:03 PM:::addOrder::::::::::Item::::::Dffff Hhjjj Kjgf Nvffg Uikk Gjjjj Tkhffggdff:::::10000
5/25/2017 10:49:03 PM:::frmsecondDisplay:::::::::::::::::::::ShowCustomerDisplay::::::::::::::1
5/25/2017 10:49:17 PM:::addOrder::::::::::Item::::::Efghhhj:::::5000
5/25/2017 10:49:17 PM:::addOrder::::::::::Item::::::Dffff Hhjjj Kjgf Nvffg Uikk Gjjjj Tkhffggdff:::::10000
5/25/2017 10:49:17 PM:::frmsecondDisplay:::::::::::::::::::::ShowCustomerDisplay::::::::::::::1
5/25/2017 10:49:30 PM:::addOrder::::::::::Item::::::Efghhhj:::::5000
5/25/2017 10:49:30 PM:::addOrder::::::::::Item::::::Dffff Hhjjj Kjgf Nvffg Uikk Gjjjj Tkhffggdff:::::10000
5/25/2017 10:49:48 PM:::addOrder::::::::::Item::::::Efghhhj:::::5000
5/25/2017 10:49:48 PM:::addOrder::::::::::Item::::::Dffff Hhjjj Kjgf Nvffg Uikk Gjjjj Tkhffggdff:::::10000
5/25/2017 10:49:49 PM:::frmsecondDisplay:::::::::::::::::::::ShowCustomerDisplay::::::::::::::1
5/25/2017 10:49:53 PM:::addOrder::::::::::Item::::::Efghhhj:::::5000
5/25/2017 10:49:53 PM:::addOrder::::::::::Item::::::Dffff Hhjjj Kjgf Nvffg Uikk Gjjjj Tkhffggdff:::::10000
5/25/2017 10:49:58 PM:::PriterServer:::::::::::::::::::PrintData:::::::::::::Count prtiter::::::::::::::1
5/25/2017 10:49:58 PM:::PriterServer:::::::::::::::::::PrintData:::::::::::::Count Order::::::::::::::2
5/25/2017 10:49:58 PM:::frmPayment::::::::::::::::ucOpenTill1_Click:::::::::::::::::Dataprint 80mm Series Printer
5/25/2017 10:50:06 PM:::addOrder::::::::::Item::::::Efghhhj:::::5000
5/25/2017 10:50:06 PM:::addOrder::::::::::Item::::::Dffff Hhjjj Kjgf Nvffg Uikk Gjjjj Tkhffggdff:::::10000
5/25/2017 10:50:09 PM:::addOrder::::::::::Item::::::Efghhhj:::::5000
5/25/2017 10:50:09 PM:::addOrder::::::::::Item::::::Dffff Hhjjj Kjgf Nvffg Uikk Gjjjj Tkhffggdff:::::10000
5/25/2017 10:50:18 PM:::frmOrder:::::::::::::::::::::::btnPayMent_Click::::::::::::::::;Value was either too large or too small for an Int32.
5/25/2017 10:50:26 PM:::addOrder::::::::::Item::::::Efghhhj:::::5000
5/25/2017 10:50:26 PM:::addOrder::::::::::Item::::::Dffff Hhjjj Kjgf Nvffg Uikk Gjjjj Tkhffggdff:::::10000
5/25/2017 10:50:26 PM:::frmsecondDisplay:::::::::::::::::::::ShowCustomerDisplay::::::::::::::1
5/25/2017 10:50:41 PM:::addOrder::::::::::Item::::::Efghhhj:::::5000
5/25/2017 10:50:41 PM:::addOrder::::::::::Item::::::Dffff Hhjjj Kjgf Nvffg Uikk Gjjjj Tkhffggdff:::::10000
5/25/2017 10:50:42 PM:::frmsecondDisplay:::::::::::::::::::::ShowCustomerDisplay::::::::::::::1
5/25/2017 10:50:50 PM:::addOrder::::::::::Item::::::Efghhhj:::::5000
5/25/2017 10:50:50 PM:::addOrder::::::::::Item::::::Dffff Hhjjj Kjgf Nvffg Uikk Gjjjj Tkhffggdff:::::10000
5/25/2017 10:51:04 PM:::PriterServer:::::::::::::::::::PrintData:::::::::::::Count prtiter::::::::::::::1
5/25/2017 10:51:04 PM:::PriterServer:::::::::::::::::::PrintData:::::::::::::Count Order::::::::::::::2
5/25/2017 10:51:04 PM:::frmPayment::::::::::::::::ucOpenTill1_Click:::::::::::::::::Dataprint 80mm Series Printer
5/25/2017 10:51:11 PM:::addOrder::::::::::Item::::::Dffff Hhjjj Kjgf Nvffg Uikk Gjjjj Tkhffggdff:::::10000
5/25/2017 10:51:12 PM:::addOrder::::::::::Item::::::Efghhhj:::::5000
5/25/2017 10:51:14 PM:::addOrder::::::::::Item::::::Dffff Hhjjj Kjgf Nvffg Uikk Gjjjj Tkhffggdff:::::10000
5/25/2017 10:51:14 PM:::addOrder::::::::::Item::::::Efghhhj:::::5000
5/25/2017 10:51:23 PM:::frmOrder:::::::::::::::::::::::btnPayMent_Click::::::::::::::::;Value was either too large or too small for an Int32.
5/25/2017 10:52:42 PM:::addOrder::::::::::Item::::::Dffff Hhjjj Kjgf Nvffg Uikk Gjjjj Tkhffggdff:::::10000
5/25/2017 10:52:42 PM:::addOrder::::::::::Item::::::Efghhhj:::::5000
5/25/2017 10:52:43 PM:::frmsecondDisplay:::::::::::::::::::::ShowCustomerDisplay::::::::::::::1
5/25/2017 10:52:44 PM:::addOrder::::::::::Item::::::Dffff Hhjjj Kjgf Nvffg Uikk Gjjjj Tkhffggdff:::::10000
5/25/2017 10:52:44 PM:::addOrder::::::::::Item::::::Efghhhj:::::5000
5/25/2017 10:52:48 PM:::addOrder::::::::::Item::::::Dffff Hhjjj Kjgf Nvffg Uikk Gjjjj Tkhffggdff:::::10000
5/25/2017 10:52:48 PM:::addOrder::::::::::Item::::::Efghhhj:::::5000
5/25/2017 10:52:48 PM:::frmsecondDisplay:::::::::::::::::::::ShowCustomerDisplay::::::::::::::1
5/25/2017 10:52:50 PM:::addOrder::::::::::Item::::::Dffff Hhjjj Kjgf Nvffg Uikk Gjjjj Tkhffggdff:::::10000
5/25/2017 10:52:50 PM:::addOrder::::::::::Item::::::Efghhhj:::::5000
5/25/2017 10:53:20 PM:::frmOrder:::::::::::::::::::::::btnPayMent_Click::::::::::::::::;Value was either too large or too small for an Int32.
5/25/2017 10:53:24 PM:::addOrder::::::::::Item::::::Dffff Hhjjj Kjgf Nvffg Uikk Gjjjj Tkhffggdff:::::10000
5/25/2017 10:53:24 PM:::addOrder::::::::::Item::::::Efghhhj:::::5000
5/25/2017 10:54:26 PM:::frmOrder:::::::::::::::::::::::btnPayMent_Click::::::::::::::::;Value was either too large or too small for an Int32.
5/25/2017 10:54:30 PM:::addOrder::::::::::Item::::::Dffff Hhjjj Kjgf Nvffg Uikk Gjjjj Tkhffggdff:::::10000
5/25/2017 10:54:30 PM:::addOrder::::::::::Item::::::Efghhhj:::::5000
5/25/2017 10:55:08 PM:::frmOrder:::::::::::::::::::::::btnPayMent_Click::::::::::::::::;Value was either too large or too small for an Int32.
5/25/2017 10:55:13 PM:::addOrder::::::::::Item::::::Dffff Hhjjj Kjgf Nvffg Uikk Gjjjj Tkhffggdff:::::10000
5/25/2017 10:55:13 PM:::addOrder::::::::::Item::::::Efghhhj:::::5000
5/25/2017 10:56:06 PM:::frmOrder:::::::::::::::::::::::btnPayMent_Click::::::::::::::::;Value was either too large or too small for an Int32.
5/25/2017 10:56:17 PM:::addOrder::::::::::Item::::::Dffff Hhjjj Kjgf Nvffg Uikk Gjjjj Tkhffggdff:::::10000
5/25/2017 10:56:17 PM:::addOrder::::::::::Item::::::Efghhhj:::::5000
5/25/2017 10:59:00 PM:::addOrder::::::::::Item::::::Dffff Hhjjj Kjgf Nvffg Uikk Gjjjj Tkhffggdff:::::10000
5/25/2017 10:59:00 PM:::addOrder::::::::::Item::::::Efghhhj:::::5000
5/25/2017 10:59:01 PM:::frmsecondDisplay:::::::::::::::::::::ShowCustomerDisplay::::::::::::::1
5/25/2017 10:59:02 PM:::addOrder::::::::::Item::::::Dffff Hhjjj Kjgf Nvffg Uikk Gjjjj Tkhffggdff:::::10000
5/25/2017 10:59:02 PM:::addOrder::::::::::Item::::::Efghhhj:::::5000
5/25/2017 10:59:05 PM:::addOrder::::::::::Item::::::Dffff Hhjjj Kjgf Nvffg Uikk Gjjjj Tkhffggdff:::::10000
5/25/2017 10:59:05 PM:::addOrder::::::::::Item::::::Efghhhj:::::5000
5/25/2017 10:59:05 PM:::frmsecondDisplay:::::::::::::::::::::ShowCustomerDisplay::::::::::::::1
5/25/2017 10:59:08 PM:::addOrder::::::::::Item::::::Dffff Hhjjj Kjgf Nvffg Uikk Gjjjj Tkhffggdff:::::10000
5/25/2017 10:59:08 PM:::addOrder::::::::::Item::::::Efghhhj:::::5000
5/25/2017 10:59:40 PM:::frmOrder:::::::::::::::::::::::btnPayMent_Click::::::::::::::::;Value was either too large or too small for an Int32.
5/25/2017 11:00:11 PM:::addOrder::::::::::Item::::::Dffff Hhjjj Kjgf Nvffg Uikk Gjjjj Tkhffggdff:::::10000
5/25/2017 11:00:11 PM:::addOrder::::::::::Item::::::Efghhhj:::::5000
5/25/2017 11:00:11 PM:::frmsecondDisplay:::::::::::::::::::::ShowCustomerDisplay::::::::::::::1
5/25/2017 11:00:15 PM:::addOrder::::::::::Item::::::Dffff Hhjjj Kjgf Nvffg Uikk Gjjjj Tkhffggdff:::::10000
5/25/2017 11:00:15 PM:::addOrder::::::::::Item::::::Efghhhj:::::5000
5/25/2017 11:00:36 PM:::frmOrder:::::::::::::::::::::::btnPayMent_Click::::::::::::::::;Value was either too large or too small for an Int32.
5/25/2017 11:01:00 PM:::addOrder::::::::::Item::::::Dffff Hhjjj Kjgf Nvffg Uikk Gjjjj Tkhffggdff:::::10000
5/25/2017 11:01:00 PM:::addOrder::::::::::Item::::::Efghhhj:::::5000
5/25/2017 11:05:32 PM:::addOrder::::::::::Item::::::Dffff Hhjjj Kjgf Nvffg Uikk Gjjjj Tkhffggdff:::::10000
5/25/2017 11:05:32 PM:::addOrder::::::::::Item::::::Efghhhj:::::5000
5/25/2017 11:05:32 PM:::frmsecondDisplay:::::::::::::::::::::ShowCustomerDisplay::::::::::::::1
5/25/2017 11:05:33 PM:::addOrder::::::::::Item::::::Dffff Hhjjj Kjgf Nvffg Uikk Gjjjj Tkhffggdff:::::10000
5/25/2017 11:05:33 PM:::addOrder::::::::::Item::::::Efghhhj:::::5000
5/25/2017 11:09:19 PM:::addOrder::::::::::Item::::::Dffff Hhjjj Kjgf Nvffg Uikk Gjjjj Tkhffggdff:::::10000
5/25/2017 11:09:19 PM:::addOrder::::::::::Item::::::Efghhhj:::::5000
5/25/2017 11:09:19 PM:::frmsecondDisplay:::::::::::::::::::::ShowCustomerDisplay::::::::::::::1
5/25/2017 11:09:20 PM:::addOrder::::::::::Item::::::Dffff Hhjjj Kjgf Nvffg Uikk Gjjjj Tkhffggdff:::::10000
5/25/2017 11:09:20 PM:::addOrder::::::::::Item::::::Efghhhj:::::5000
5/25/2017 11:10:01 PM:::frmOrder:::::::::::::::::::::::btnPayMent_Click::::::::::::::::;Value was either too large or too small for an Int32.
5/25/2017 11:16:35 PM:::addOrder::::::::::Item::::::Dffff Hhjjj Kjgf Nvffg Uikk Gjjjj Tkhffggdff:::::10000
5/25/2017 11:16:35 PM:::addOrder::::::::::Item::::::Efghhhj:::::5000
5/25/2017 11:16:35 PM:::frmsecondDisplay:::::::::::::::::::::ShowCustomerDisplay::::::::::::::1
5/25/2017 11:16:37 PM:::addOrder::::::::::Item::::::Dffff Hhjjj Kjgf Nvffg Uikk Gjjjj Tkhffggdff:::::10000
5/25/2017 11:16:37 PM:::addOrder::::::::::Item::::::Efghhhj:::::5000
5/25/2017 11:16:42 PM:::PriterServer:::::::::::::::::::PrintData:::::::::::::Count prtiter::::::::::::::1
5/25/2017 11:16:42 PM:::PriterServer:::::::::::::::::::PrintData:::::::::::::Count Order::::::::::::::2
5/25/2017 11:16:42 PM:::frmPayment::::::::::::::::ucOpenTill1_Click:::::::::::::::::Dataprint 80mm Series Printer
5/25/2017 11:17:09 PM:::frmsecondDisplay:::::::::::::::::::::ShowCustomerDisplay::::::::::::::1
5/25/2017 11:17:35 PM:::frmsecondDisplay:::::::::::::::::::::ShowCustomerDisplay::::::::::::::1
5/25/2017 11:17:36 PM:::addOrder::::::::::Item::::::Efghhhj:::::5000
5/25/2017 11:17:37 PM:::addOrder::::::::::Item::::::Dffff Hhjjj Kjgf Nvffg Uikk Gjjjj Tkhffggdff:::::10000
5/25/2017 11:17:38 PM:::addOrder::::::::::Item::::::thanh:::::4000
5/25/2017 11:17:38 PM:::addOrder::::::::::Item::::::Efghhhj:::::5000
5/25/2017 11:17:38 PM:::addOrder::::::::::Item::::::Dffff Hhjjj Kjgf Nvffg Uikk Gjjjj Tkhffggdff:::::10000
5/25/2017 11:17:38 PM:::addOrder::::::::::Item::::::thanh:::::4000
5/25/2017 11:17:41 PM:::PriterServer:::::::::::::::::::PrintData:::::::::::::Count prtiter::::::::::::::1
5/25/2017 11:17:41 PM:::PriterServer:::::::::::::::::::PrintData:::::::::::::Count Order::::::::::::::3
5/25/2017 11:17:41 PM:::frmPayment::::::::::::::::ucOpenTill1_Click:::::::::::::::::Dataprint 80mm Series Printer
